Using pre-set license
Built from '2020.3/staging' branch; Version is '2020.3.19f1 (68f137dc9bbe) revision 6877495'; Using compiler version '192528614'; Build Type 'Release'
OS: 'Windows 10 Pro; OS build 19043.1348; Version 2009; 64bit' Language: 'es' Physical Memory: 16342 MB
BatchMode: 1, IsHumanControllingUs: 0, StartBugReporterOnCrash: 0, Is64bit: 1, IsPro: 0

COMMAND LINE ARGUMENTS:
C:\Program Files\Unity\Hub\Editor\2020.3.19f1\Editor\Unity.exe
-adb2
-batchMode
-noUpm
-name
AssetImportWorker0
-projectPath
D:/Joan Barcel贸/Desarrollo_de _entornos/entregable_5/Entregable_5
-logFile
Logs/AssetImportWorker0.log
-srvPort
56375
Successfully changed project path to: D:/Joan Barcel贸/Desarrollo_de _entornos/entregable_5/Entregable_5
D:/Joan Barcel贸/Desarrollo_de _entornos/entregable_5/Entregable_5
Using Asset Import Pipeline V2.
Refreshing native plugins compatible for Editor in 1500.37 ms, found 2 plugins.
Preloading 0 native plugins for Editor in 0.00 ms.
Initialize engine version: 2020.3.19f1 (68f137dc9bbe)
[Subsystems] Discovering subsystems at path C:/Program Files/Unity/Hub/Editor/2020.3.19f1/Editor/Data/Resources/UnitySubsystems
[Subsystems] Discovering subsystems at path D:/Joan Barcel贸/Desarrollo_de _entornos/entregable_5/Entregable_5/Assets
GfxDevice: creating device client; threaded=0
